activated conda env
Found csv file: /fast/mkaut/ma-thesis/experiments/gs/results.csv
Found csv file: /fast/mkaut/ma-thesis/experiments/gs/flux/mjprompts/num_1000_steps_50_fpr_0.01_gdscale_3.0/decode_imgs/logs/2025-02-19_17-47-25_noise/results_noise.csv
Found csv file: /fast/mkaut/ma-thesis/experiments/gs/flux/mjprompts/num_1000_steps_50_fpr_0.01_gdscale_3.0/decode_imgs/logs/2025-02-19_17-55-24_brightness/results_brightness.csv
Found csv file: /fast/mkaut/ma-thesis/experiments/gs/flux/mjprompts/num_1000_steps_50_fpr_0.01_gdscale_3.0/decode_imgs/logs/2025-02-19_17-47-07_adv_surr_resnet18_nowm_wm/results_adv_surr_resnet18_nowm_wm.csv
Found csv file: /fast/mkaut/ma-thesis/experiments/gs/flux/mjprompts/num_1000_steps_50_fpr_0.01_gdscale_3.0/decode_imgs/logs/2025-02-19_17-55-03_cropscale/results_cropscale.csv
Found csv file: /fast/mkaut/ma-thesis/experiments/gs/flux/mjprompts/num_1000_steps_50_fpr_0.01_gdscale_3.0/decode_imgs/logs/2025-02-19_17-54-00_rotation/results_rotation.csv
Found csv file: /fast/mkaut/ma-thesis/experiments/gs/flux/mjprompts/num_1000_steps_50_fpr_0.01_gdscale_3.0/decode_imgs/logs/2025-02-19_17-46-13_default/results_default.csv
Found csv file: /fast/mkaut/ma-thesis/experiments/gs/flux/mjprompts/num_1000_steps_50_fpr_0.01_gdscale_3.0/decode_imgs/logs/2025-02-19_17-55-18_blur/results_blur.csv
Found csv file: /fast/mkaut/ma-thesis/experiments/gs/flux/mjprompts/num_1000_steps_50_fpr_0.01_gdscale_3.0/decode_imgs/logs/2025-02-19_17-55-04_jpeg/results_jpeg.csv
Found csv file: /fast/mkaut/ma-thesis/experiments/gs/sd/mjprompts/num_1000_steps_50_fpr_0.01_gdscale_3.0/decode_imgs/logs/2025-02-21_14-12-22_cropscale/results_cropscale.csv
Found csv file: /fast/mkaut/ma-thesis/experiments/gs/sd/mjprompts/num_1000_steps_50_fpr_0.01_gdscale_3.0/decode_imgs/logs/2025-02-21_14-12-22_brightness/results_brightness.csv
Found csv file: /fast/mkaut/ma-thesis/experiments/gs/sd/mjprompts/num_1000_steps_50_fpr_0.01_gdscale_3.0/decode_imgs/logs/2025-02-21_14-07-59_noise/results_noise.csv
Found csv file: /fast/mkaut/ma-thesis/experiments/gs/sd/mjprompts/num_1000_steps_50_fpr_0.01_gdscale_3.0/decode_imgs/logs/2025-02-21_14-06-52_jpeg/results_jpeg.csv
Found csv file: /fast/mkaut/ma-thesis/experiments/gs/sd/mjprompts/num_1000_steps_50_fpr_0.01_gdscale_3.0/decode_imgs/logs/2025-02-21_14-07-59_rotation/results_rotation.csv
Found csv file: /fast/mkaut/ma-thesis/experiments/gs/sd/mjprompts/num_1000_steps_50_fpr_0.01_gdscale_3.0/decode_imgs/logs/2025-02-21_14-12-22_adv_surr_resnet18_nowm_wm/results_adv_surr_resnet18_nowm_wm.csv
Found csv file: /fast/mkaut/ma-thesis/experiments/gs/sd/mjprompts/num_1000_steps_50_fpr_0.01_gdscale_3.0/decode_imgs/logs/2025-02-21_14-12-22_blur/results_blur.csv
Found csv file: /fast/mkaut/ma-thesis/experiments/gs/sd/mjprompts/num_1000_steps_50_fpr_0.01_gdscale_3.0/decode_imgs/logs/2025-02-21_14-12-22_default/results_default.csv
Merging 17 csv files


Plotting gaussian_std

Plotting flux
strengths: object, results: float64
strengths: ['0.4' '0.3' '0.2' '0.1' '0.4' '0.3' '0.2' '0.1'], results: [0.011 0.106 0.306 0.757 0.011 0.106 0.306 0.757]

Plotting sd
strengths: object, results: float64
strengths: ['0.4' '0.3' '0.2' '0.1' '0.4' '0.3' '0.2' '0.1'], results: [0.264 0.78  0.951 0.994 0.264 0.78  0.951 0.994]


Plotting brightness_factor

Plotting flux
strengths: object, results: float64
strengths: ['12' '8' '6' '4' '12' '8' '6' '4'], results: [0.853 0.921 0.955 0.979 0.853 0.921 0.955 0.979]

Plotting sd
strengths: object, results: float64
strengths: ['12' '8' '6' '4' '12' '8' '6' '4'], results: [0.911 0.958 0.982 0.994 0.911 0.958 0.982 0.994]


Plotting adv_surr_resnet18

Plotting flux
strengths: object, results: float64
strengths: ['50' '30' '20' '10' '50' '30' '20' '10'], results: [0.924 0.969 0.987 0.995 0.924 0.969 0.987 0.995]

Plotting sd
strengths: object, results: float64
strengths: ['50' '30' '20' '10' '50' '30' '20' '10'], results: [0.998 1.    1.    1.    0.998 1.    1.    1.   ]


Plotting crop_scale

Plotting flux
strengths: object, results: float64
strengths: ['0.9' '0.7' '0.3' '0.9' '0.7' '0.3'], results: [0.175 0.011 0.005 0.175 0.011 0.005]

Plotting sd
strengths: object, results: float64
strengths: ['0.9' '0.7' '0.3' '0.9' '0.7' '0.3'], results: [0.841 0.069 0.013 0.841 0.069 0.013]


Plotting r_degree

Plotting flux
strengths: object, results: float64
strengths: ['2' '30' '45' '90' '2' '30' '45' '90'], results: [0.464 0.011 0.006 0.009 0.464 0.011 0.006 0.009]

Plotting sd
strengths: object, results: float64
strengths: ['2' '30' '45' '70' '88' '90' '2' '30' '45' '70' '88' '90'], results: [0.992 0.007 0.003 0.001 0.015 0.032 0.992 0.007 0.003 0.001 0.015 0.032]


Plotting no_attack

Plotting flux

Plotting sd


Plotting gaussian_blur_r

Plotting flux
strengths: object, results: float64
strengths: ['12' '10' '8' '6' '12' '10' '8' '6'], results: [0.195 0.285 0.465 0.881 0.195 0.285 0.465 0.881]

Plotting sd
strengths: object, results: float64
strengths: ['12' '10' '8' '6' '12' '10' '8' '6'], results: [0.914 0.946 0.981 0.998 0.914 0.946 0.981 0.998]


Plotting jpeg_ratio

Plotting flux
strengths: object, results: float64
strengths: ['5' '10' '20' '5' '10' '20'], results: [0.777 0.932 0.969 0.777 0.932 0.969]

Plotting sd
strengths: object, results: float64
strengths: ['5' '10' '20' '5' '10' '20'], results: [0.996 0.999 0.999 0.996 0.999 0.999]
