activated conda env

####################################################################################################


Starting Encode...

Args:

config: confs/encode/tr/encode.json
model_id: flux
dataset_id: mjprompts
num_images: 500
inf_steps: 50
fpr: 0.01
guidance_scale: 3.0
test_inf_steps: 50
latent_channels_wm: 16
calc_FID: True
calc_CLIP: True
method: tr
w_seed: 0
w_channel: 3
w_radius: 10
w_mask_shape: circle
w_injection: complex
w_pattern: ring
w_measurement: l1_complex
w_pattern_const: 0
run_name: tr_default
date: 2025-03-03_17-19-29
data_dir: experiments/tr/flux/mjprompts/num_500_fpr_0.01_cfg_3.0_wmch_16/encoded_imgs/data
log_dir: experiments/tr/flux/mjprompts/num_500_fpr_0.01_cfg_3.0_wmch_16/encoded_imgs/logs/2025-03-03_17-19-29
log_file: <_io.TextIOWrapper name='experiments/tr/flux/mjprompts/num_500_fpr_0.01_cfg_3.0_wmch_16/encoded_imgs/logs/2025-03-03_17-19-29/tr_default.txt' mode='w' encoding='UTF-8'>
Loaded TR keys from file keys/tr_ch_[3, 7, 11, 15]_r_10_p_ring_seed_0_wmch_16.pkl

Using FLUX model

Prompts:
0: elegant moder medical cross with thick borders
1: magic binoculars in the style of a pulp music video britpop pulp
2: african american superman sitting in outer space having a drink looking down at the world photography magazine ultra-real 8k
3: roaring african tiger whole body raindrops glamorous species raining distant shot a path between palm trees wide angle long-distance shot ultra realistic hyper detailed neutral cloud forest sony fe 24-70mm f28
4: red white black bacground
5: meditation for giving maaser (tithe)
6: ganesh painting sitting on a pile of coins the floor was filled with money gold coins glittering jewels the back is covered with gold leaf there is a golden thai kanok pattern in the oil painting cool tones white backgr
7: parchment flyer with the pictures of a dungeon with a lot of gold and artifact and an happy rich adventurer parchment flyer advertising a dungeon in a fantasy world
8: looking expensive beer
9: ethan hunt as a disney prince disney style
10: ultra realistic type image full body close wide angle shot 40 years old bodyguard man wearing bodyguard dress brutish front view standing in a road front of building
11: mutated worm coming out of a skull illustration blank background
12: close-up of an art print the canvas has a picture of a white flower on it
13: three black school girls from 1990s hip hop era laughing by the lockers of their school hallway
14: open market trade seaport bartering energy excitement style of magic the gathering artwork artstation
15: a painting of a snowman with flowers in the style of rafael albuquerque
16: product photography close up of front blank eco-friendly square food package l on the white table soft shadow food materials are seen around detail high quality high resolution
17: random surreal illustration in the style of jan van haasteren flat colors
18: colorful unicorn and heart stickers contour cartoon style
19: four asia girl，in bouldering gym ，happy，short hair，vest-ar3:2
20: bride and groom bride in white short flapper dress 1920s charleston style in an classical white 1920s great gatsby inspired room boa cocktails light background photorelistic zoom out full length body picture
21: an alley in tokyo jack kirby style joyful art warm natural color background a touch of royal blue and pink nuanced tactile speckled playful colorful fabric translucent layered expressive memorable hand-made 3d
22: create an artwork that combines elements of ancient mythology scientific discovery and climate history to tell the story of the ice displacement event in antarctic waters and its role in shaping earth's climatic history co
23: impressionism painting of glass water pitcher will colorful flowers soft lighting
24: as a marketing expert
25: coloring book halloween party in new york central park jack-o'-lantern haunted house black cat and spider web black and white outlines only no shading cartoon art style white background
26: logo of a college university that is named cufk image should be funny
27: girl seller in the showroom of luxury modern furniture dressed in the casual expensive style
28: top view of street tiles game asset in cyberpunk style similar map showing elevated and circular viaducts huge traffic metro and trains neon lights
29: kaws style
30: long shot of a a futuristic scene with many scifi military armored human army futuristic android ultradetailed sci fi parts fog atmosphere light grey and vintage style joel robison minimalist sets 32k uhd cryptopunk
31: motorbike high speed pilcrow arrival with a great tokusatsu hero 🎆 in the style of shiny kitsch pop art black helmet carnival of consumerism solarization effect reflections and mirroring whimsical sci-fi photobash
32: witch samhain style kawaii anime
33: blond keanu reeves as a bard
34: a skinniy man brown skin long black hair little beard charater sheet different poses different expressions in the style of street pop art realistic hyper-detailed portraits jcore colorful cartoon sleepycore split t
35: a painting of a snowman in the style of alcohol ink
36: dans une silhouette urbaine noir et blanc abstraite cubique envolée
37: a woman showing off her finger and two tattoos in the style of dark gray and dark black minimalist sets delicate washes symmetrical compositions raw versus finished detailed foliage dark black and light black
38: portrait of naluska the white an eccentric female human priest with white long hair too much mascara and a white cat that is able to see incorporeal undead realistic dnd style high fantasy steve youll miyazaki
39: computer art tron environment virtual reality algorithm is a dancer in the manner of flowing structure tangled forms neon colors flat silhouettes pink and green
40: water color drawing of a kangaroo full body simple look no background white background
41: clipart cute doodle christmas beige tree: sketch a classic christmas tree with ornaments and lights cartoon style cute set bundle pastel colors simple plain background
42: abstract logo of medical office building from splash paint colored puzzles on white background
43: stone patio in the mountains of western north carolina cobblestone decorated for christmas abstract pop art style white lights fraser fir christmas tree resort spa golden hour high-end stylish important mysterious
44: robot read book male and female elegantly poised against the backdrop of people at street protests medium: oil painting style: minimalistic yet opulent with neon artistic flares drawing inspiration from the likes of fre
45: spooky mountain background very detailed
46: an artistic 8 picture collage of power plants
47: king william ii of england royal portrait aged 33 set in the year 1090 accurate period clothing dslr camera 35mm lens f 10 iso 200 hdr
48: a sinister painting with a sinister ghost emerging from it 4k
49: advertising styled photography of a young hip hop man performing a soccer move in dubai jbr area evening epic dance move
50: dnd male 15-year-old samurai man in light clothing long hair character art with effects uber detail
51: man tall dark hair sharp eyes rings photo london 1900
52: man shoveling snow off his front walkway during a heavy snow
53: a psychadelic infinite hallway with an old tv thats playing static
54: mural familiy tree in a conference room realistic
55: nine puppy heads of a boxer dog in a matrix rows and columns with different puppy moods::2 henri matisse visible brush strokes impasto
56: abstract painting in the style of pierre bonnard brushstrokes black veins of gold leaf paint
57: giant pumpkin made with pieces of vintage cream and indigo striped fabric dark moody fancy
58: white grass on a floating island the nyc skyline is in the background the sky above is white the scene is bathed in dazzling light accentuating the image the image is in high definition and high resolution with an 8k for
59: large lone tree on a hill against a blue sky background
60: hyperrealistic brain made of lithium over glowing cylindrical podium on a pedestal futuristic concept of artificial intelligence with glowing neon lighting minimalistic style
61: an id portrait photo of the average owner of a peugeot 8008
62: golden square plate with geoglyphs
63: create for me a woman with a bull nouveo 1920s style painting
64: what i desire is on its way to me all is well universe supports me i am free anime blond long flowing hair 14 year old girl superwoman pose arms stretched high children illsutratin
65: newborn photography in kelly brown style a lot of teddybears white next to baby
66: switch face a woman in leggings and top sportwear running with her australian shepard in a lush forest path the weather is nice and the vegetation around is green
67: the letter w broken up with colourful lightning on the black background in the style of surreal collages environmental activism whitewashed narratives tinkercore flickr metalcore colorful moebius logo
68: wrinkled paper pattern in the color light pink
69: a simple miminal emblem logo of a dark bold caterpillar cacoon with a minimal spartan helmet coming out of the opening of the cacoon
70: same with bangs and headset
71: make more rooms inside the house add peach trees in the garden make the pool a bit smaller more accent on the yard
72: a painting of a girl sitting within a broken brick wall in the style of surreal oil painting wet on wet technique light turquoise and crimson emotional and dramatic scenes fragmented figures torn edges reflections pas
73: aerial panoramic view of the perito moreno glacier visually stunning dynamic and expressive artwork highly realistic ultra detailed
74: big mussel in front of a beautyful young black womanby hieronymus bosch
75: flying monkey sitting on a chair on the front yard showing his wing wise monkey
76: a logo for that represents data pipelines and movement on a white background
77: a viking wearing a viking outfit red viking helm with intricate silver webbing influenced by spider-man scandinavian viking village in background cinematic still fog overcast moody lighting unreal engine 5 photorealis
78: i need a hot pink journal cover for menopausal women symptom tracker
79: photography hispanic tattooed young female short hair on ipad photobash celebrity portraits with personality neon lights light blue magenta and cyan tones color gradients ambient 4k uhd the photograph is taken with a
80: the forest grew in such a way that from a certain angle it appeared to be a face
81: tall white blond male walks on tarmac toward a plane japan 1940
82: the warrior mealworm chubby cute cartoon illustration her image is dynamic
83: science fiction film photographs graphic novel 8 comic panels man paints a picture of a castle he enters the painting he enters the castles library he steps onto the balcony he looks out at the painted world cinematic
84: illustration of food delivery cyclist flying through sky with lots of bags
85: tool that allows to translate instantly in the future
86: jesus hugging a young woman the backside for the young woman realistic jesus is softly smiling black and white image sketched
87: on the street with a sewer hole simple art vector art light colors
88: green male snake character pixar style corkscrew
89: a tiger mascot coming through flames clip art on a white background
90: fire dragon vs water dragon battle matte painting unreal engine location lake and forest
91: blu-ray screengrab of the future of the bounce imagined by kaws and harmony korine and edglrd and yzy no blur brightly lit bright even lighting bright lighting hyper maximalist 2024 trending colors modern colors trend
92: knights medieval dorm room bed and desk castle stone walls candles warm and comfortable soft blue accents tapestries wooden floors and furniture highly detailed
93: dark western flat lay
94: quick colorful doodle of a girl dreaming cute whimsical simple drawing blue colors white background
95: pretty model
96: black background with gold sprinkling
97: straight 50mm lens shot on canon 80d hyper-realistic smiling tanned model with surreal luminous background reddish-brown background wearing a sparkling brilliant gold rings and fabulous earrings ensure that the image is
98: abstract paint an empty dream a man simple line drawing vibrant colors basquiat style drawing
99: uiux design for ecom website that sells christmas decorations brand colors are red rose gold white and black the website should look vibrant
100: cute happy rottweiler dog head sticker logo chibi style cartoon clean vector 2d simple white background no accessories without accessories no text without text
101: trump dirt jumping big bike ramp in bike park on expensive santa cruz bike photo realistic
102: copper balloons melting
103: outdoor christmas festival abstract neon minimalist asheville north carolina snow beer holiday decorations beautiful scenery mountains extreme blue skies photorealistic black and white high-end stylish important
104: a palm tree with coconuts simple black and white coloring book page geometric shapes
105: a whole body vintage photo of an afro girl in the 80's dancing in a house music disco raw style realistic 80's stylish very detailed characteristics
106: flying inspiration fairiy ascii art side view wide angle
107: three small islands in a chain caribbean distance view no people adult cartoon coloring book style illustration peaceful relaxing black and white white background only clean thin lines
108: a simple sign that means- drinking alcohol is forbidden
109: the most surreal photo ever taken of the antichrist standing around his standing pet goats around the grass acid trip nightmare 35mm film photo with slight pale pastel filter
110: anthropomorphic female beaver with dark hair ugly smiling
111: bart simpson getting splashed with yellow liquid he is skateboarding he has glasses
112: abstract expressionist print deconstructs botanical elements bold brushstrokes vibrant splashes of color dynamic composition emotionally charged abstract reinterpretation spontaneous energy bold gestures artistic fre
113: snake dressed as ancient mythological character childrens book flat design superflat style graphic design pen and ink bright and cheerful color 2d design
114: adrift amidst a dreaming coast my mind wanders to ocean’s edge its inky waters an enticing host its silence beckons me off the ledge
115: illustration
116: casino win on the screen of mobile 4k full hd high quality
117: flowers blue background by leonora carrington::2
118: a simple abstract mixed-media sculptural composition of minimalistic colorful shapes and flowing waves representing a symphony energy and movement mostly purple with touches of forest green lime green pink blue orange st
119: add a golden cup of coffee
120: a male living dead with putrefied skin facial skin like leather pulled and stuck to the bone cheeks with holes red tears dark wicked black clothes with red details wizards of the coast art style
121: wine bottle label modern with a interesting design
122: ultra handsome and detailed young elegant man blonde hair look in camera smiling and laughing wear bright and black clothes solid color pastel background
123: an old conscientious apartment a living room a large family with serious faces scolds and reproaches a 12-year-old boy
124: horse ear headband fashion snaps young japanese woman oshare kei grin
125: universe seamless pattern watercolor effect dark stars
126: ancient biblical landscape illuminated by central beacon of light planets visible in sky gold holy renaissance john martin's apocalyptic style
127: apple ii style wireframe display of a planet with an octagon in the middle vector graphics old arcade game black and green
128: kid riding a gigant oversize frog detailed faces in front forest lake background autumm play action scene creative angles b w ink lines detailed fine art
129: blades of grass in a row with various cartoon bugs and insects on plain background
130: red dead redemption character 40 year old amish man wearing a straw hat with green & white ribbon around it blonde hair brown full bread blue eyes blue denim button up shirt sleeve rolled up a red handkerchief around
131: a mayor character from rpg steampunk
132: sports betting logo
133: a view of the city from a train platform window in the style of masonry construction cross processing dao trong le 32k uhd industrialpunk depictions of inclement weather layered translucency
134: photo of apartment building completely overrun by vegetation
135: funny goofy weird looking cartoon faces of creepy kids with long hair on halloween
136: night moon clocks weathered holographic t&p overlay rust ray tracing bright colors extremely high resolution
137: realtor in ghibli style surreal
138: minimalistic logo design with u letter
139: landscape view of the northern lights
140: boho print of a brown sun and brown and black rays radiating from it woodblock print style minimal detail horizon rinat voligamsi subtle colors virtual detail trompe - l'œil photo sunbeams on
141: cabbage patch toy doll with horrified expression on face
142: using original image young girl stands in front of a wall covered with moss in the style of matti suuronen rangercore white and green sam bosma karencore campcore group f64
143: product packshot chrome motorcycle helmet by demna gvasalia kodak porta 500 8k
144: hacker
145: plain cartoon sombrero black background
146: chinese man in his thirties with beard stand and wait chinese watercolor
147: stoicism practicing detachement
148: an illustration of beautifully painted long straight orange hair
149: elf queen holding a sepcter poweful melancholy and forlorn frank frazetta
150: create a one story luxury shipping container home
151: flora in blue and orange light in the style of cellular formations john wilhelm golden light close up mushroomcore translucent water surrealistic futuristic
152: we see a roman gladius standing in the plaza we see him across the plaza full body image handsome muscular man in leather looking at us short hair stern look on his face clean shaven his attire gleams under the light
153: single color mandala made of petals with plain background detailed
154: a photo of modern pills bottle staying in the middle with pills flying around yellow and green colors white background 4k
155: photo-realistic ultra realistic colour grading high detail excellent lighting a masquerade mask resting on a pile of money symbolizing the mystery of the winner's identity
156: success flower splashed painting image
157: cartoon background full of different nike shoes in the disney style of luminous watercolors tabloid photography big mini
158: photo of dario argento movie scene a blonde woman writes with a typewriter dark outside a window horror detailed
159: halo video gamepattern graffiti stencil cutoutblack and white
160: large indoor theater stage show oz inspired setpieces large led video wall with emerald city large orchestra positioned stage left and right glenda and the wicked witch center stage
161: establishing shot of blue lagoon iceland in the style of janusz kamiński and james cameron bright sunny beautiful nature beautiful vista shot on 70 mm 250 mm lens long exposure hyper realistic photography matte film
162: create a poster for a boldering event in a climbing gym
163: happy indigenous cultural male & female dancing & celebrating closeup cartoon realistic 4k image in white background
164: white bearded wrinkly elderly man with tattoos on his face mean look in hius eyes extreamly close up
165: christopher reeve dressed in adam west’s batman costume in the batcave hyper realistic real photo photography wide shot panavision cinematic production still from movie
166: bob ross painting a picture of bob ross painting a picture of bob ross
167: on a dining table a bar chart showing growth in 4 sections built in m&ms
168: a scribbled sketching of a reception party with plenty of people around a db5 black and white professional clean scribble lean light drawing satisfying drawn messily pencil single line trait drawing light pencil scr
169: guy playing poker
170: attractive brazilian girl for drum and bass album cover rio de janerio theme
171: une maison dans une foret composée d'un cube fabriqué en pierre d'un cube fabriqué en boisd'un cube fabriqué en betond'un cube fabriqué en verre d'un cube fabriqué en metal ::1 un rêne majestueux est au premier plan ::2
172: day of the dead fiesta: a vibrant celebration scene with decorated sugar skulls marigold flowers and colorful papel picado banners skeletons in festive attire dance and play music capturing the spirit of día de los muerto
173: full body chubby and very small black haired modern urban fantasy female magical university black and blue pant uniform learning basic frost spell sparks of magic character design various panels
174: infinite surprise cinematic
175: hand-drawn a group of extremely intellectual individuals within a meeting each are adorned with the same black and white suit though they have different shaped masks that are all white and black and heads each different m
176: professional modeling with luke skywalker up front lounging out holding a book and a glowing object sharp precise professional photography inspired by luis royo and frank frazetta in the background castle greyskull cinem
177: create a creative illustration or story about an adorable chick dressed as santa claus capture the playful essence of the chick's character by incorporating iconic christmas elements unleash your creativity by bringing this
178: create a black man with glasses giving a blonde woman with glasses wearing headphones a kiss goodnight while she is sitting at her computer desk playing computer games cartoon style very detailed very realistic romantic
179: create an adult coloring page in white only with simple black outlines og gesse taking flight with a snowy backdrop
180: create an image of a crowd of 20 men and women have a smartphone displaying various expressions of stupid laugh joy anger sadness and excitement 3dcg
181: college students sitting and learning talmud
182: birds eye view of a very tiny small blue and white van mitsubishi carry toyota hiace kei car very small car kei car van 80s in a narrow european city alley in the middle of the road driving aerial shot from behind
183: a minimalistic logo with the outline of letter j sleek neon
184: zagreb city abstract blurry vintage
185: chinese young woman wear pink-color short-sleeved skirt force a bitter smile near a bus stop at night abbott handerson thayer
186: create an image of an overweight man in his thirties who has asperger's syndrome posing enthusiastically next to a life-sized legend of zelda mascot make sure to emphasize the man's genuine excitement and the fun lighthear
187: relaxing meditative mindful coloring pages thick black lines on white background ar
188: vary shaped and sized apothacary bottles in the style of jan van eyck
189: make another version of this monster on a white backdrop
190: create an image with 20 oz tumblers set on a wooden table in a mountain lodge
191: a male straight from dnd middleage world fullbody character picture for dnd campaign high detailed epic background heroic pose awesome facial expressions ultra high quality sharp image with a brown leather fur coat
192: felix smiling we can see his freckles standing in the sunlight comfy pastel sweater white grey black vivid yellow gold ink and watercolour with volumetric lighting kpop idol
193: old disposable photograph of a basset hound wearing a colorful poncho and a sombrero holding a shotgun in a dramatic portrait
194: a realistic photo of a grandson of five years old with his granmother both are happy and confidents in a green field full-frame photoshoot dslr photography volumetric lighting sharp focus -
195: vip lounge and cigar bar in an old hiratage building luxury interior the area is 100 meter square leather sets bar warm lights high resolution 32k the building is madeout of old large stones medeteranian style the h
196: japanese water droplet crest rounded shapes symmetry kamon simple iconic
197: brave new worldsnapshot
198: watercolor style reindeer in christmas hat shades of red and white clipart isolated on white background
199: cross processed image of a woman laying face down on a mario bellini sofa le bombole sofa style of minimal fashion advertisement style of juergen teller 35mm contax g2
200: kids coloring book page simple ontario canada heavy line art clean line art simple only lines
201: satan and death combined into one being in the style of salvador dali
202: overweight confident and arrogant female cop standing next to their police ford explorer in the center of a spacious upscale futuristic subdivision medium: rendered in an oil painting style evoking the texture depth an
203: barbie car
204: a simple orange and blue line drawing vector of a hand putting big coins on a big piggy bank with dollar bills and coins as a background
205: in eurodisney
206: empty night gothic street gothic backstreet night wet sidewalk made of stone cubes rainy night epic scenery hyper render concept art interesting colors dramatic lighting colors include indigo painted by john singer
207: close-up row boat on lake ::1 clouds below above warped forest ::1 warped forest ::15 jerry uelsmann surreal ::3 100 hasselblad swf 38mm f4
208: l'avenir tu n'as point à le prévoir mais à le permettre
209: beautifull women egyptian looks sad background in park historical ancient egypt realistic
210: korean soldier in captivity in 1940s
211: stressed man at his desk spilt coffee
212: a mage wearing a robe the skirt is slit on both sides with a starry kimono attached on top
213: a painting of gandalf thick layers of paint andre kohn style artwork
214: black background white flat fineline vector drawing high quality and detailed purpose is white toner printing a botanical image of a tarot card representing the sun occult twist with a skull add small flower detail
215: generate a minimalist pattern illusion trippy bright colors abstract functionality line art geometric hd 8k wallpaper
216: minimalist masculine illustratation for a calisthenics manual on how to do a handstand man is standing straight on hands feet above
217: ash ketchum flat design vector 2d flat design simple illustration
218: transform this image into a level design for a isometric 8 bit nintendo style pixel art game set in dystopian setting in the style of a fallout game
219: a logo for a knitting brand featuring a bird and yarn inspired by milky way space and the universe happy place cozy warm simple abstract
220: an evil tree covering all full details of the tree solid background
221: purple flower
222: an oil painting of old buildings and people going past in the style of brothers hildebrandt arbeitsrat für kunst karl friedrich schinkel 15th century ruth sanderson colorful costumes 32k uhd
223: rock owls in the garden in the style of light orange and green colorful woodcarvings expressionistic anthropology light yellow and dark crimson hand-painted details the helsinki school cottagepunk
224: carte des stations de train à lisbonne style gaming decentraland
225: woman in the style of a bondgirl diving wetsuit
226: minimalistic watercolor illustration of a small happe and calm being flaming with green light
227: the trees on the path are covered in green grass in the style of nikon d850 digitally enhanced dansaekhwa i can't believe how beautiful this is joyful celebration of nature samyang 14mm f28 if ed umc aspherical large
228: the new york giants as a super hero
229: a medieval setting in a dark ancient cave a giant round table with statues set around the table purple cracked energy coming through the walls
230: overhead shot of black and white storyboards sitting on a table for a will ferrel pirate comedy movie sketched in a comic book style
231: essential fall porch decor items welcoming doormats and rugs a well-chosen fall doormat or rug serves as the opening note in your porch's symphony of autumn decor these mats adorned with motifs like leaves pumpkins or a
232: audrey hepburn with watercolor black roses flower rose very detailed flower illustration delicate black colors black background
233: a surreal type writer with feathers retro style white background with shadows black and white photography
234: psychedelic orange butterfly in tribal style; butterfly wider than taller; mystical dark bluegreen background with tribal patterns;
235: logo of wizard trading stock market no text
236: an original painting by vincent van gogh
237: retro red car with christmas tree on top with a family 80's vibe wes anderson fiat car christmas tree is laying on top of the car realistic car 8k full size photobooth backdrop in real life setting tree background
238: create a full-page coloring scene of a serene nature landscape of delicate sun flowers with a butterfly all depicted in a simplistic line art style this coloring page will allow teenagers to combine natural and geometric el
239: meeting beetween trump and mahmoud ahmadinejad
240: creatures and monsters fantasy alex horley
241: a rectangular plane of glass floats in space and is pierced by lasers minimalist blue tones
242: fiverr gig for a powerpoint freelance shop
243: white background in the style of creative commons attribution simple
244: athletic cybernetic black female scientist with big hair walking towards spaceship in futuristic spaceship hanger in the style of moebius
245: a vibrant street art-style mural on one side a graffiti artist is spray-painting a stock market chart that morphs into a mythical dragon on the other side a hacker in a hoodie is sculpting a digital unicorn out of lines o
246: cartoon dna strand frowning angry vector art
247: take inspiration from this image for this image with lots of music books and guitar sheet music and an acoustic guitar and red electric guitar
248: the deep state with our deep pockets predicting the next war on the chessboard
249: girl running into a gigantic maze dark fantasy hasselblad h6d hd intricate detail motion picture depth of field
250: coloring pages for kids of cute zombies cartoon style thick lines low detail black and white no shading
251: beautiful field meadow flowers daffodils in morning against blue sky with clouds nature landscape close-up macro wide format copy space delightful pastoral airy artistic image
252: man sitting on a pile of stones oil lamps bright and shining by sam toft monkcore
253: kawaii christmas kangaroos in the style of minimal vector simple shapes vector artwork isolated on white background
254: love is a battlefield viedeogame first person shooter old graphics photographed by wolfgang tillmans in 35mm
255: create a travel advertisement set in montenegro hotel near ocean in the style of a 1930s national park advertisement done by chester don powell vintage matte finish with visit absalon written at the top
256: the consequences of an economic crisis that brings a country's activity to a standstill in an abstract figurative way we see the impact of a crisis on a country's economic activity
257: the wolfman dark comic aesthetic
258: halloween tarot cards whole set
259: photorealistic leopard spotted animal print fabric pattern
260: but remade as a 90´s horror slasher film scene by wes craven film light cinematic film style hyperreal great details 8k sony a74 horror film trending colors great cinematography extreme real super detailed full
261: an angel six wings red wings many weathers wrinkle in time has many eyes each feather on the wing has an eye style of frank frazetta epic smiting the wicked blinding glory glorious frightening
262: nicolas nicolaou painting of a woman with many hands in the style of ethereal and dreamlike elegant emotive faces trapped emotions depicted split toning mystical theme reflections serene faces
263: this is a model holding broccoli into her mouth in the style of vivienne tam david sims patrick kelly chinese iconography dark orange and light azure angura kei
264: create a isometric map this is a ship scifi like a map on ccxp o comic con cartoon style
265: creative illustrations of a video editor
266: christmas mantle decor place for stockings bright farmhouse decor
267: architectural render modern buildings built in the canyon the buildings go in line through the canyon hyper realistic but looks like the picture taken with 35mm black and white film
268: editorial fashion photography vogue magazine vintage glamour embrace the elegance of bygone eras such as the roaring twenties the 1950s or the disco era of the 1970s incorporate period-appropriate clothing hairstyle
269: a sci-fi robot inspired by iron man with black and teal colors next to and leaning against an iphone poster formatted screen photo
270: a person in a wheelchir using their foot to push themselves backwards across the street at the pedestrian crossing one person in a wheelchair summer style maud lewis van gogh background style karla gerrard dense brushst
271: createa 3d image of the enlighment era with blackdarkbackgorund
272: woodblock print of mountain sunset landscape simplified raw distressed
273: create a captivating image of a handsome man and a beautiful woman both looking forward with radiant smiles from their foreheads beams of spiritual awakening light shine forth the image should be visually striking and sui
274: orphic cubism william morris art nouveau
275: create hyper-realistc and photo-realistic image of exterior maintaining shape and size of building adding building into the scandinavian mountains with overcast skys and rolling fog add more charred black wood black brick
276: cosmic goddess parfume pop up store design futuristic sensual ysl style tom ford style chaos 100
277: a sticker of the ace of roses tarot card ghost by abyssal serenade as a beautiful woman 8k resolution photorealistic masterpiece by aaron horkey and jeremy mann intricately detailed fluid gouache painting by jean baptis
278: pencil and charcoal steampunk filigree cockatiel lying down on a soft fluffy blanket filigree ball set to one side background ink splashes
279: ancient papyrus illustration of skeletons wearing dark robes dark fantasy style 80s he-man cartoon style
280: nostalgic old man ::giant warm colorful pet rock
281: t-shirt design with bounding frame illustration rugged gangsta wearing sunglasses two rotweillers creative original for t-shirt screen print
282: attractive couple standing in front of a market in france
283: create a top down isometric level design in 4k ultra realistic quality for a dystopian fallout style game of the interior of a crumbling library using this image as a template
284: the background without people for a blog post for learning komi
285: round botanical frame made of wildflowers watercolour white background white center
286: a realistic photograph of a old tv with a glowing blue screen in a dark but homey living room
287: photography of a tall glass of mango juice with mango as a decoration white background high contrast
288: daphne nymph transforming multicolor flowers emerge from the skin leg dramatic ray of light comes from a window in the dark room cinematic still tim walker photography style
289: el fuego person in the distance holding fire
290: park grass bench blue sky super realistic 4k canon
291: marble statue of donald trump on a black background
292: behind-the-scenes visual for linkedin post visual: a poignant high-resolution image of katalin karikó and drew weissman in their laboratory deeply engrossed in a discussion or observation surrounded by scientific equipment
293: a silly looking cartoon of a man standing in a black space with the earth orbiting infront him the man is wearing a buisness suit and red tie he has his hands folded behind his back cartoon old cartoon style 4k goofy a
294: mini brown poodle cartoon cute happy little heart above him
295: illustration of a graveyard on a hill black tattoo style black on white background
296: cinema 4d hq hyperrealistic chrome tiger in front of gold pyramid shiny dark black background
297: dragon wyrmling with black and dark green mixed scales young dragon in a forest setting
298: anima
299: portrait of evil ded moroz with winterstorm as background
300: abstract on a curved wave in the style of constructivist photography psychedelic figuration pilesstacks human forms childhood arcadias cloudcore in the style of colorful turbulence narrative sequences rendered in
301: pencil drawing pot of honey anglr from above adult colouring book lines 70's style
302: hobbit hole green round door sticker
303: a young woman in the midst of a fierce battle in a medieval fantasy world with short wavy brown hair freckles lacy white jumpsuit with shorts long lacey gloves shiny gleaming metallic white and gold bikini armor full bod
304: outdoor wedding neon minimalist father is walking daughter down the aisle cobblestone event space priest and small group of friends asheville north carolina scenic overlook fall autumn peak leaves high-end stylish
305: golden bitcoin on dark blue sky background hyper realistic dynamic light -
306: hebrew:: hebrew biblebible on table photographyvery close-range cinimaticwarm light beam ultra realistic 8k
307: the room is very dark and only the lampo luminates it teenage bedroom at night where the centre of attention is a lamp shaped like a full moon high quality 4k realistic
308: a man watching the panoramas on the one hand one that transmits warmth and calm imagination and tranquility on the other hand one that transmits rigidity frustration and sadnesson a napkin a drawing
309: a zoo promo image with penguins in a cartoon style
310: an architectural 8k photograph of a minimalistic and aesthetic personal office space
311: the wood of an old stone house and harvest moon watercolor by jennie smith in the style of dee nickerson dark beige and emerald charles wysocki romantic moonlit seascapes yvonne coomber whimsical cats subdued pointill
312: young girl with multicolored hair one side multicolored the other light back view christmas clothes white background photo
313: branding pieces for fitness clothing company that has simple v logo in avenir font on white background
314: doodle pencil drawing and close-up shot of the eyes of a young man who is looking at something captivated
315: abstract genders language background for power point linguistics
316: american college football abstract minimalist storm coming ominous clouds in the distance action shot on the field black and white with color splash vibrant color splash full body shot quarterback scoring game winning
317: her foot pain
318: sky whales dreamy :: hd unreal enginerealistic clouds 3d dof beauty vitriol lucid style cber tech tron style lighting winning art high res sgraffito style
319: pastoral maroon haggler money buyer bargainer octopus octillery tentacool grapploct clobbopus georgia o'keefe style house badge playing card simple white background
320: magicai country illustration
321: modern boho background brown colors fall theme subtile watercolor
322: wallpaper high quality painting digital art duck on a wall many colors wide angle retro aesthetic bright colors ultra detailed realistic and poetic
323: goose in library flying the globe on the table in the retro vintage poster simple and bright cute
324: a white statue of buddha in a beautiful posture in the style of a charcoal sketch black and white meticulous design
325: coloring book page og a person holding a glowing magical object that is lighting up a face
326: silhouette of wonder woman purple
327: profile photo of 8 years old little white girl 140cm blonde hair tear dropping wearing white t-shirts and black jeans burying her head in her handscrying and try to escape to right side
328: design of an advertisement for a health center for slimming in water for girls attractive design colors white green blue and pinkgrafics real
329: neurons on a beach vacation studio ghibli style
330: under the water in a shipwreck 10k
331: create a crackhead in minecraft style aspect ratio 16:9
332: aerial view of desert flat drawn like for a game board
333: a wallpaper of a fairy garden with mermaids gnomos green witch style very detailed faces 4k
334: students practicing the wset systematic approach to tasting evaluating the appearance nose and palate of various wines with a focus on identifying primary fruit flavors
335: in the distance a twenty-three year old melancholic hip-hop asian with gold chains wearing a hooded sweatshirt with a baseball cap flying in mid-air in a space that resembles a starry night sky with a vintage challenger sp
336: ukulele na tle zachodzącego słońca zacznij grać dziś na żywo fujifilm gfx 100s z 63mm obiektywem kontrastowe oświetlenie krajobraz
337: lucid table by jimmy erickson in the style of rounded shapes monochrome toning transparency elongated figures photorealistic rendering decorative vessels dark gray
338: comics style background depth of shadow happy 3d abstract blue
339: rework the metal joint add screws clean smooth and shiny
340: a white devil fruit wiht green leaves from the anime one piece growing inside lava magma bird view dark glowing hot sparks fire black stone contrast detailed background shading dramatic lighting 8k fine ultra - detailed reali
341: the grand canyon in the style of a retro travel poster colors: lavender sage tumeric light gray turquoise and tan
342: a music producer working in a studio hyperrealistic golden hour kodak portra 800 105 mm f1 8
343: using the character in create a daily routine of a character based on create a daily routine sitting on a watermelon in the style ofhallyu mori kei duckcore plush doll art exaggerated poses minimal design minimalis
344: photo of a complex war zone in ukraine
345: create a majestic and awe-inspiring depiction of the catholic god in the heavens content: divine presence heavenly realm radiance symbolic elements medium: artistic representation style: sacred and celestial lighting:
346: donald trump sitting in the court listening in ungappy mode background is out of focus
347: nyc subway train front view front view tunnel cinematic lighting high detailed photo red headlights new york
348: a music record with a soft glow and art deco design in the center of it
349: knights templar crusader standing on one knee white middle age fabric outfit with red cross on chest dark cathedral background pencil drawing
350: daytime medieval crowded streets and cramped buildings a bustling bazaar with tent vendors and beggars
351: dutch golden age picture style looking enlightened
352: obelisk of moonstone
353: small photos printed laying on the table
354: neon green city cyberpunk flourescent
355: hand drawn political cartoon in the style of thomas nast giant piggy bank
356: pills on the wood table dark atmosphere hyper reality
357: light watercolor the mountains and water reflected in the water in the style of light teal and light white biblical grandeur whistlerian webcam photography northern and southern dynasties pointillist optical illusions
358: skinwalker in forest navajo painting
359: box of granola bars on a dinning room table modern european decor ultra reaslistic product photography
360: hand painted vintage a cozy cabin nestled in the heart of the woods smoke spiraling from its chimney into the crisp cool air using oil-painted textures in the style of van gogh
361: digital painting type image full body wide angle shot a 30 years old indian man wearing servent suits front view normal expression standing in a bar
362: establishing shot of gen z in the style of janusz kamiński and james cameron god-rays bright sunny beautiful nature beautiful vista shot on 70 mm 250 mm lens long exposure hyper realistic photography matte film gra
363: a travel oil paint poster of london abstract style
364: rayman combined with jerilith
365: minimalistic painting of a majestic mountain range at sunset capturing the essence of its grandeur and tranquility focus on using subtle gradients and minimalistic elements to create a sense of depth japanese art lines s
366: realistic simple dozer simple contour lines coloring book for kids black and white white background thick lines no shading
367: domenico berardi sassuolo celebration
368: create a ready to print pop art pattern depicting a laughing woman retro colors 2d vector
369: holographic dental x-rays featuring a rotating molar with various layers visible white background space is ultra-modern filled with transparent touch panels and white leather chairs imparting a feel of luxury and technolo
370: modern and simple design yet square in shape with press lines on the body like an automobile white planters planted with wide vegetables
371: an auto rickshaw with its driver standing beside it white background super realistic
372: a real photograph taken of cocktail berlin 1944
373: side drum only that instrument
374: with an intricate crown and beautiful jeweled necklace dynamic lighting and composition neon colour scheme dmt flowing lines super colourful dynamic details expertly photo manipulated read to paint
375: anime artwork man full tattoo sitting on rooftop black white interior rust garbage on the floor broken bottles art by jc leyendecker anime style key visual vibrant studio anime highly detailed
376: modern minimalist tabletop product photograhy with empty glassware and an empty space held in the middle of the frame on a seamless lightblue background
377: bearded man in a tribunal 4k realistic
378: muscle construction in a vitamins power
379: dynamic action coloring book style illustration black and white teen james hetfield playing guitar
380: design a humorous split-image contrasting outdated on-prem nhs portugal tech and the modern cloud-based solutions of digital health left: vintage office retro attire slow vehicle made of old computers right: futuristic
381: dolphin as a zombie carltoon style mono for colouring
382: outside vision futurism alien green and blue
383: hands fresco sculpture antik
384: knowledge in hip-hop realistic illustration with ink on parchment cinematic light melancholy thought provoking composition cinematic light incredible details rembrand light
385: chess is on tables in a restaurant in the style of dystopian landscapes in fall season using oil-painted textures hand painted pastel colors
386: realistic draw tattoo design of one piece anime design in pro create thin line work white background no shade low detail stencil template
387: minimalistic logo a letter c inside a key made of one line very simple dark green only 2d vector flat should fit fo mobile phones smartwatches laptops and smart home devices should be drawn all of which should hav
388: appétit andreas franke style
389: abstract minimalist watercolour orange cat in summer flowers vibrant
390: photography elongated mask jason voorhees vibes 32k uhd in the style of edward steichen and beksinski
391: a very colorful light sculpture hanging in an interior in the style of arched doorways tony orrico camera tossing flowing lines reimagined classical forms colorized monumental sculptures
392: minimalistic vector poster 1970's style elegant futuristic tower ind the sky with dome on top muted light blue colours mucha
393: sillhouette of halloween elements seamless pattern white background
394: planets within the alpha centauri a system pink purple blue colors 8k canon eos m6 mark ii hyper detailed high resolution
395: the sun and the moon showing love dancing together colored art line
396: dark marble floor of a castle with skulls and roses laying around moonlight coming in through tall dark window hd
397: music cover art for an afro house track called follow a dream
398: create me a rectangle tank with bonsai tree inside and moss on white background
399: sketch of plov
400: and fighting each other in the same style and same people dark land with purple and red flames connecting each other anime character design cinematic hd 8k
401: aphelios from league of legends short black hair holding fantasy guns oriental looking dark blue colours::3
402: two alien characters standing next to each other in the style of futuristic glamour desertwave serge marshennikov mirrored realms 8k resolution precisionist lines aquamarine
403: people in a street protests and one man gazing up towards the sky in the style of hauntingly beautiful illustrations gerard sekoto post-internet art anime art haunting images cartoon violence detailed crowd a lot gol
404: minimal hyper real physical activity running adults with smartwatch on wrists iphone in hand looking at phone screen happy and joyous mood citt park as background hd photorealistic
405: trees protect the environment
406: dad wearing solid baseball cap cheering at his son’s baseball game
407: a panini sourdough with cheese grilled chicken and guacamole
408: maintain the original image just add indigenous paintings to the face in a harmonious way as if they had been done by indians in a tribe very realistic and natural
409: rpg character cat wild cat black fur weary walking on 2 feet rat hunter full body light armor two handed knife
410: photo of an eccentric mysterious masked pale-skinned female shadow-ninja wearing an ornamental-belt in a courtyard 1980s manga by katsuya terada
411: mexican delivery driver in nyc photorealistic shot on hasselblad h6d-400c zeiss prime lens bokeh like f08 tilt-shift lens
412: cthulhu illustration
413: homer simpson opening a fridge
414: wide shot of a sunset sky with a cloud contrasting vibrant colors bichromatic:: japanese woman cinematic sequence minimalist vibrant pattern clean lines cinestill 50d kodak porta 800
415: a young male entrepreneur celebrating with his parteners after closing a deal and happy full length office dark hairnatural light real light real ultra-detailed 8k image iso 200 modern minimal asymmetrical balance
416: sci fi salamander inspired creature very long slender body sharp fins and spikes vibrant colors view from the side cave background
417: santa riding a flaming motorcycle in the sky
418: coloring page for kids cheetah cartoon style thick line low detailm no shading
419: black and white cartoon illustration tropical beach scene kids and teens playing typical beach games
420: cartoon style drawing of potions skeletons pumpkins and bats swirling upwards neutral colors
421: pencil and charcoal steampunk filigree lop eared baby rabbit lying down on a soft fluffy blanket filigree ball set to one side background ink splashes
422: melting dripping golden shiny glazed
423: postman with shirt in gold color with logo hdak have three cartoon with dhl and ups logo
424: ornate complex kaleidoscopic patterns animal print
425: an empty yoga studio photographic 35mm
426: an image of a loving couple holding hands sharing a moment in a beautiful landscape
427: chonky funky very cool cat
428: frazetta art style bald and bearded scottish highland warrior of clan keith blue celtic tattoos kilt clan keith tartan standing in a ruined castle dead red coats around him clan keith kilt scotland fog mist fantas
429: african american man handing african american woman a coffee mug with roses inside realistic 4k image
430: illustrate the deluge as an unstoppable force of nature with the deities depicted as passive onlookers unable to prevent the catastrophe content: unstoppable deluge passive deities natural disaster medium: painting sty
431: cute cartoon portrait of a redbone coonhound
432: high-relief scientific illustration
433: black country guitar player waalking down a dirt road with a white kid twelve years old following him and holding a mandolin style is for a kids illustrated book the style is classic yet whimsical
434: highly detailed clay 3d hd phone case with miniature tiny cute characters inside busy all day on a nice sunshiny day 8k amazing award winning photo
435: a person architect creating project buildings lime green
436: a surrealist illustration by picasso of an arabian woman giving birth arabian nights
437: create a full-page coloring scene of a serene nature landscape a vineyard and delicate flowers all depicted in a simplistic line art style this coloring page will allow teenagers to combine natural and geometric elements o
438: digital painting type image wide angle shot bodyguards protect his boss on the city road at night
439: a musical artist looking good in a modern room with musical instruments behind him thinking about his artist's name in stranger things style
440: deep empty space
441: twisted reality double exposure man ray black and white
442: doodle illustration black and white sufferd person
443: hyper realistic photo of all european presidents making common selfie the colors should be vibrant and rich
444: a photo from a showroom where mercedez-benz is showing its latest conceptual fully electric suv truck the truck should look super futuristic with aluminium rough silver coat that is fully seeded with leds to change appearanc
445: cartoon green tow truck with a big smiley face with a tooth missing
446: luxuxry soft furnishing in bedroom
447: friar piggy brown robes league of legends artstyle
448: mimic the creative style of camilla d'errico in kawaii style watercolors paint a cute whimsical version of the sabbatic goat as the sigil of baphomet the theme should be whimsy goth high definition clipart on a white back
449: bellissima cucina con questo sgabello piante e fiori colorati su un tavolo di marmo finestre che fanno vedere un panorama di montagna realistico dettagliato
450: detailed photo realistic image of a small 1950s town with cars and pedestrians colorized
451: monochrome coloring page for kids salamander thick line low detail no shading style raw
452: a pelican sitting on an old outhouse by the sea a simple drawing
453: rocket charm keyring blue in the style of lucy glendinning gold and crimson award - winning mono - ha captivating
454: a young and tall northern male barbarian with fair skin and blonde hair and a broad smile is drinking wine with a small slim and young mysterious male thief with dark hair in a grey coat they are sitting on a bar in the tav
455: if wes anderson designed an insurance policy on a big farm with a lot of farmers
456: ibiza party in a mansion garden fashion people circles led on the trees concept art light isometrical forestinstallation design no people lighting av volumetric light minimal architecture movie poster cinematic
457: cyberpunk white hair girl smoking a cigarety on a rooftop looking over a neon city at night out of focus city in background
458: jesus is walking in the mountains with the sun coming out in the style of artgerm steve henderson light brown and white low resolution phoenician art george tooker portrait painting
459: depuis l'intérieur d'un appartement art nouveau on voit la ville de moscou
460: an image with some limes and limes in a picture in the style of ildiko neer dark silver and yellow organic designs kerem beyit rustic still lifes lightbox traditional vietnamese
461: a social media rounded real human profile pic image of a 30 years old woman lifestyle image
462: basic logo of a pink hight heel miltary patch propaganda style
463: online casino digital mobile
464: slender female fairy librarian with short blond hair and golden wings and a fairytale bookmobile made out of a log
465: a logo for a ultra modern presentation design studio green color palette
466: oil painting colorful abstract visible brushstrokes vivid and intense dream sequence showing the small silhouette of a couple running away from misery together hand in hand
467: simple faces drawed by kids with acrylic paint
468: train seating
469: a white whisky still in a white room
470: modern flower logo minimalist 3 colors
471: googie architecture university in new york city 1950s retrofuturism
472: jennifer lawrence as rapunzel in the style of chagall
473: tetrachromacy abstract city arround
474: cat celebrating his birthday with piece of cake and party hat funny cat wearing festive hat
475: alexander of macedon digital art brush movements painting style
476: hd render of black woman's body cast in chrome lay down emo
477: john ullman the president of the company expressed his feelings quite bluntly at the executive staff meeting ceo standing at the head of the table the rest of the executive staff sitting somber worried air of disdain i
478: a taiwanese girl used cellphone in a coffee shop
479: hermione granger in fro t of a japanese temple manga style
480: a thin person the great waif of kanagawa
481: brunch at tiffany birthday invitation 5:7
482: jesus carrying his cross on the streets of jerusalem hyper realistic image 8k image canon r5 super sharp details realistic photo
483: color kodak photograph of a mother in her late 20s holding her sleeping child sitting by a window during a rainy evening eastern europe muted colors canon ae-1 subtle greenish tint on shadows slow shutter speed motion
484: baker's hands mixing flour
485: life on neptune vector landscapes minimalistic ethereal wallpaper
486: night filipina woman carrying a kerosene lamp high in the middle of the turbulent waves in the sea by a wooden boat close up horror
487: glitch art digital art striking chromolithography print gorillaz style happy cyberpunk moon god lounging on a rainbow with bee warriors high resolution very glitched image joyful nice design intricate textures and details
488: a photorealistic movie still of a private small bank office a wooden desk with a chair with wheels two chairs in front of the desk beige floor simple formal in beige colors and dark woods in riviera of nayarit the style
489: majestic beautiful woman rich american 1920 art deco etam cru painting multifaceted geometry evil nymphaea common reed albert joseph moore soft and dreamy and dark depictions synchromism stanley art gem lau krenz cu
490: clipart christmas truck with christmas element vintage illustration christmas colours red isolated on white background
491: sharp perspective infinite vanishing point mirrored 5 human face sculptures on the beach palm trees infinite vanishing point towards the camera sharp perspective 1 elongated unicorn statue in colors repeated 8 times
492: by thomas schaller
493: for a colouring book grim dark fantasy a cursed haunted mirror black and white only outline only
494: black and white coloring book sneaker asics clean line art no depth no background
495: anime portrait of a cute gamer girl with long hair wearing headphones pastel neon colors
496: create a poster of peter zumthor with the quote “i think space architectural space is my thing it’s not about facade elevation making money my passion is creating space” - peter zumthor
497: artistic scene of an instagram baddie wearing leggings and a beanie in a luxury living room posing showing off quadriceps illustration drawing african-american
498: children having fun very happy wearing outdoor clothes at an outdoor daytime event realistic cinematic image in 4k film style blurred background full of people hazy atmosphere kodak ektachrome
499: flat flisch stone used by water

Saving original images to experiments/tr/flux/mjprompts/num_500_fpr_0.01_cfg_3.0_wmch_16/encoded_imgs/data


Starting to generate images...


####################################################################################################

